0.9472759226713533
0.9349736379613357
0.9332161687170475
0.9244288224956063
0.9349736379613357
0.9314586994727593
0.945518453427065
0.9384885764499121
0.9349736379613357
0.9261862917398945
0.9367311072056239
0.9209138840070299
0.9384885764499121
0.9437609841827768
0.9349736379613357
0.9349736379613357
0.9384885764499121
0.9367311072056239
0.9472759226713533
0.9402460456942003
0.9490333919156415
0.9332161687170475
0.9384885764499121
0.9349736379613357
0.9349736379613357
0.9543057996485061
0.9314586994727593
0.9349736379613357
0.9384885764499121
0.9367311072056239
0.9314586994727593
0.9384885764499121
0.9420035149384886
0.9490333919156415
0.9402460456942003
0.9244288224956063
0.9384885764499121
0.9420035149384886
0.9490333919156415
0.9332161687170475
0.9349736379613357
0.9332161687170475
0.9332161687170475
0.9472759226713533
0.9314586994727593
0.9472759226713533
0.9314586994727593
0.9332161687170475
0.9367311072056239
0.9349736379613357
0.9367311072056239
0.9367311072056239
0.9332161687170475
0.9332161687170475
0.9261862917398945
0.9261862917398945
0.9437609841827768
0.9349736379613357
0.9332161687170475
0.9384885764499121
0.9349736379613357
0.9402460456942003
0.929701230228471
0.9332161687170475
0.9279437609841827
0.9472759226713533
0.9420035149384886
0.929701230228471
0.9314586994727593
0.9420035149384886
0.9490333919156415
0.9384885764499121
0.9314586994727593
0.9402460456942003
0.9367311072056239
0.9595782073813708
0.9472759226713533
0.929701230228471
0.9402460456942003
0.9490333919156415
0.929701230228471
0.9314586994727593
0.9507908611599297
0.9384885764499121
0.9472759226713533
0.9367311072056239
0.9490333919156415
0.9437609841827768
0.9507908611599297
0.9332161687170475
0.9402460456942003
0.929701230228471
0.9525483304042179
0.9314586994727593
0.9472759226713533
0.9402460456942003
0.9332161687170475
0.929701230228471
0.9332161687170475
0.9349736379613357
